<?xml version="1.0" encoding="UTF-8"?>
<!-- Generated by org.testng.reporters.JUnitXMLReporter -->
<testsuite hostname="LVP1210002" name="Surefire test" tests="10" failures="1" timestamp="15 Oct 2014 15:56:48 GMT" time="29.733" errors="0">
  <testcase name="CSVaddProducts" time="4.325" classname="com.lohika.atf.tests.TestF"/>
  <testcase name="CSVaddProducts" time="3.563" classname="com.lohika.atf.tests.TestF"/>
  <testcase name="addProducts" time="4.393" classname="com.lohika.atf.tests.TestF"/>
  <testcase name="calcPrice" time="0.153" classname="com.lohika.atf.tests.TestF"/>
  <testcase name="deleteProducts" time="0.143" classname="com.lohika.atf.tests.TestF"/>
  <testcase name="editCancelProduct" time="0.825" classname="com.lohika.atf.tests.TestF"/>
  <testcase name="editProductInvoice" time="0.806" classname="com.lohika.atf.tests.TestF"/>
  <testcase name="editProductSingleRow" time="0.001" classname="com.lohika.atf.tests.TestF"/>
  <testcase name="validationAddProductFields" time="11.64" classname="com.lohika.atf.tests.TestF"/>
  <testcase name="validationEditProductFields" time="2.924" classname="com.lohika.atf.tests.TestF">
    <failure type="java.lang.AssertionError" message="Error if price is string
Expected: &amp;quot;CheckScreenshot&amp;quot;
     but: was &amp;quot;edit-input narrow-edit error&amp;quot;">
      <![CDATA[java.lang.AssertionError: Error if price is string
Expected: "CheckScreenshot"
     but: was "edit-input narrow-edit error"
	at org.hamcrest.MatcherAssert.assertThat(MatcherAssert.java:20)
	at com.lohika.atf.tests.TestF.validationEditProductFields(TestF.java:234)
... Removed 28 stack frames]]>
    </failure>
  </testcase> <!-- validationEditProductFields -->
</testsuite> <!-- Surefire test -->
