<?xml version="1.0" encoding="UTF-8"?>
<!-- Generated by org.testng.reporters.JUnitXMLReporter -->
<testsuite hostname="LVP1210002" name="Default test" tests="8" failures="0" timestamp="6 Oct 2014 15:49:22 GMT" time="13.397" errors="0">
  <testcase name="addProducts" time="6.003" classname="com.lohika.atf.tests.TestF"/>
  <testcase name="calcPrice" time="0.139" classname="com.lohika.atf.tests.TestF"/>
  <testcase name="deleteProducts" time="0.183" classname="com.lohika.atf.tests.TestF"/>
  <testcase name="editCancelProduct" time="1.172" classname="com.lohika.atf.tests.TestF"/>
  <testcase name="editProductInvoice" time="1.196" classname="com.lohika.atf.tests.TestF"/>
  <testcase name="editProductSingleRow" time="0.001" classname="com.lohika.atf.tests.TestF"/>
  <testcase name="validationAddProductFields" time="0.651" classname="com.lohika.atf.tests.TestF"/>
  <testcase name="validationEditProductFields" time="4.026" classname="com.lohika.atf.tests.TestF"/>
</testsuite> <!-- Default test -->
