<?xml version="1.0" encoding="UTF-8"?>
<!-- Generated by org.testng.reporters.JUnitXMLReporter -->
<testsuite hostname="LVP1210002" name="Default test" tests="8" failures="0" timestamp="7 Oct 2014 15:48:28 GMT" time="28.887" errors="0">
  <testcase name="addProducts" time="6.11" classname="com.lohika.atf.tests.TestF"/>
  <testcase name="calcPrice" time="0.135" classname="com.lohika.atf.tests.TestF"/>
  <testcase name="deleteProducts" time="0.185" classname="com.lohika.atf.tests.TestF"/>
  <testcase name="editCancelProduct" time="1.224" classname="com.lohika.atf.tests.TestF"/>
  <testcase name="editProductInvoice" time="1.103" classname="com.lohika.atf.tests.TestF"/>
  <testcase name="editProductSingleRow" time="0.001" classname="com.lohika.atf.tests.TestF"/>
  <testcase name="validationAddProductFields" time="12.347" classname="com.lohika.atf.tests.TestF"/>
  <testcase name="validationEditProductFields" time="7.757" classname="com.lohika.atf.tests.TestF"/>
</testsuite> <!-- Default test -->
