-------------------------------------------------------------------------------
Test set: com.lohika.atf.tests.TestF
-------------------------------------------------------------------------------
Tests run: 10, Failures: 1, Errors: 0, Skipped: 0, Time elapsed: 40.575 sec <<< FAILURE! - in com.lohika.atf.tests.TestF
validationEditProductFields(com.lohika.atf.tests.TestF)  Time elapsed: 3.215 sec  <<< FAILURE!
java.lang.AssertionError: Error if price is string
Expected: "CheckScreenshot"
     but: was "edit-input narrow-edit error"
	at org.hamcrest.MatcherAssert.assertThat(MatcherAssert.java:20)
	at com.lohika.atf.tests.TestF.validationEditProductFields(TestF.java:234)

