<?xml version="1.0" encoding="UTF-8"?>
<testsuite name="com.lohika.atf.tests.TestF" time="29.049" tests="10" errors="0" skipped="0" failures="1">
  <properties>
[...]
</properties>
  <testcase name="CSVaddProducts" classname="com.lohika.atf.tests.TestF" time="4.312"/>
  <testcase name="CSVaddProducts" classname="com.lohika.atf.tests.TestF" time="3.56"/>
  <testcase name="addProducts" classname="com.lohika.atf.tests.TestF" time="4.393"/>
  <testcase name="calcPrice" classname="com.lohika.atf.tests.TestF" time="0.153"/>
  <testcase name="deleteProducts" classname="com.lohika.atf.tests.TestF" time="0.143"/>
  <testcase name="editCancelProduct" classname="com.lohika.atf.tests.TestF" time="0.825"/>
  <testcase name="editProductInvoice" classname="com.lohika.atf.tests.TestF" time="0.807"/>
  <testcase name="editProductSingleRow" classname="com.lohika.atf.tests.TestF" time="0.001"/>
  <testcase name="validationAddProductFields" classname="com.lohika.atf.tests.TestF" time="11.64"/>
  <testcase name="validationEditProductFields" classname="com.lohika.atf.tests.TestF" time="3.215">
    <failure message="Error if price is string&#10;Expected: &quot;CheckScreenshot&quot;&#10;     but: was &quot;edit-input narrow-edit error&quot;" type="java.lang.AssertionError">java.lang.AssertionError: Error if price is string
Expected: "CheckScreenshot"
     but: was "edit-input narrow-edit error"
	at org.hamcrest.MatcherAssert.assertThat(MatcherAssert.java:20)
	at com.lohika.atf.tests.TestF.validationEditProductFields(TestF.java:234)
</failure>
  </testcase>
</testsuite>