<?xml version="1.0" encoding="UTF-8"?>
<testng-results skipped="0" failed="1" total="10" passed="9">
  <reporter-output>
    <line>
      <![CDATA[Saved <a href=../screenshots/1413388608006.png>Screenshot</a>]]>
    </line>
  </reporter-output>
  <suite name="Surefire suite" duration-ms="29733" started-at="2014-10-15T15:56:18Z" finished-at="2014-10-15T15:56:48Z">
    <groups>
    </groups>
    <test name="Surefire test" duration-ms="29733" started-at="2014-10-15T15:56:18Z" finished-at="2014-10-15T15:56:48Z">
      <class name="com.lohika.atf.tests.TestF">
        <test-method status="PASS" signature="setup(java.lang.String)[pri:0, instance:com.lohika.atf.tests.TestF@1e1116f9]" name="setup" is-config="true" duration-ms="9665" started-at="2014-10-15T18:56:08Z" finished-at="2014-10-15T18:56:18Z">
          <params>
            <param index="0">
              <value>
                <![CDATA[firefox]]>
              </value>
            </param>
          </params>
          <reporter-output>
          </reporter-output>
        </test-method> <!-- setup -->
        <test-method status="PASS" signature="load()[pri:0, instance:com.lohika.atf.tests.TestF@1e1116f9]" name="load" is-config="true" duration-ms="667" started-at="2014-10-15T18:56:18Z" finished-at="2014-10-15T18:56:18Z">
          <reporter-output>
          </reporter-output>
        </test-method> <!-- load -->
        <test-method status="PASS" signature="CSVaddProducts(java.util.Map)[pri:0, instance:com.lohika.atf.tests.TestF@1e1116f9]" name="CSVaddProducts" duration-ms="4325" started-at="2014-10-15T18:56:18Z" description="Add Product via csv" data-provider="CsvDataProvider" finished-at="2014-10-15T18:56:23Z">
          <params>
            <param index="0">
              <value>
                <![CDATA[{product=test1, price=23, quantity=1}]]>
              </value>
            </param>
          </params>
          <reporter-output>
          </reporter-output>
        </test-method> <!-- CSVaddProducts -->
        <test-method status="PASS" signature="CSVaddProducts(java.util.Map)[pri:0, instance:com.lohika.atf.tests.TestF@1e1116f9]" name="CSVaddProducts" duration-ms="3563" started-at="2014-10-15T18:56:23Z" description="Add Product via csv" data-provider="CsvDataProvider" finished-at="2014-10-15T18:56:26Z">
          <params>
            <param index="0">
              <value>
                <![CDATA[{product=test2, price=23.34, quantity=1.2}]]>
              </value>
            </param>
          </params>
          <reporter-output>
          </reporter-output>
        </test-method> <!-- CSVaddProducts -->
        <test-method status="PASS" signature="addProducts()[pri:0, instance:com.lohika.atf.tests.TestF@1e1116f9]" name="addProducts" duration-ms="4393" started-at="2014-10-15T18:56:26Z" description="Add Product" finished-at="2014-10-15T18:56:31Z">
          <reporter-output>
          </reporter-output>
        </test-method> <!-- addProducts -->
        <test-method status="PASS" signature="calcPrice()[pri:0, instance:com.lohika.atf.tests.TestF@1e1116f9]" name="calcPrice" duration-ms="153" started-at="2014-10-15T18:56:31Z" description="Check Calculations of tota price" finished-at="2014-10-15T18:56:31Z">
          <reporter-output>
          </reporter-output>
        </test-method> <!-- calcPrice -->
        <test-method status="PASS" signature="deleteProducts()[pri:0, instance:com.lohika.atf.tests.TestF@1e1116f9]" name="deleteProducts" duration-ms="143" started-at="2014-10-15T18:56:31Z" description="Delete product by name" finished-at="2014-10-15T18:56:31Z">
          <reporter-output>
          </reporter-output>
        </test-method> <!-- deleteProducts -->
        <test-method status="PASS" signature="editCancelProduct()[pri:0, instance:com.lohika.atf.tests.TestF@1e1116f9]" name="editCancelProduct" duration-ms="825" started-at="2014-10-15T18:56:31Z" description="Successful &#039;Cancel Edit Changes of the product in the Invoice Table&#039;" finished-at="2014-10-15T18:56:32Z">
          <reporter-output>
          </reporter-output>
        </test-method> <!-- editCancelProduct -->
        <test-method status="PASS" signature="editProductInvoice()[pri:0, instance:com.lohika.atf.tests.TestF@1e1116f9]" name="editProductInvoice" duration-ms="806" started-at="2014-10-15T18:56:32Z" description="Successful &#039;Edit of the product in the Invoice Table&#039;" finished-at="2014-10-15T18:56:33Z">
          <reporter-output>
          </reporter-output>
        </test-method> <!-- editProductInvoice -->
        <test-method status="PASS" signature="editProductSingleRow()[pri:0, instance:com.lohika.atf.tests.TestF@1e1116f9]" name="editProductSingleRow" duration-ms="1" started-at="2014-10-15T18:56:33Z" description="Correct &#039;Edit mode&#039; of a single Product row" finished-at="2014-10-15T18:56:33Z">
          <reporter-output>
          </reporter-output>
        </test-method> <!-- editProductSingleRow -->
        <test-method status="PASS" signature="validationAddProductFields()[pri:0, instance:com.lohika.atf.tests.TestF@1e1116f9]" name="validationAddProductFields" duration-ms="11640" started-at="2014-10-15T18:56:33Z" description="Validation of Add Product Panel fields" finished-at="2014-10-15T18:56:44Z">
          <reporter-output>
          </reporter-output>
        </test-method> <!-- validationAddProductFields -->
        <test-method status="FAIL" signature="validationEditProductFields()[pri:0, instance:com.lohika.atf.tests.TestF@1e1116f9]" name="validationEditProductFields" duration-ms="2924" started-at="2014-10-15T18:56:44Z" description="Validation of &#039;Edit mode&#039; fields " finished-at="2014-10-15T18:56:47Z">
          <exception class="java.lang.AssertionError">
            <message>
              <![CDATA[Error if price is string
Expected: "CheckScreenshot"
     but: was "edit-input narrow-edit error"]]>
            </message>
            <full-stacktrace>
              <![CDATA[java.lang.AssertionError: Error if price is string
Expected: "CheckScreenshot"
     but: was "edit-input narrow-edit error"
	at org.hamcrest.MatcherAssert.assertThat(MatcherAssert.java:20)
	at com.lohika.atf.tests.TestF.validationEditProductFields(TestF.java:234)
	at sun.reflect.NativeMethodAccessorImpl.invoke0(Native Method)
	at sun.reflect.NativeMethodAccessorImpl.invoke(Unknown Source)
	at sun.reflect.DelegatingMethodAccessorImpl.invoke(Unknown Source)
	at java.lang.reflect.Method.invoke(Unknown Source)
	at org.testng.internal.MethodInvocationHelper.invokeMethod(MethodInvocationHelper.java:84)
	at org.testng.internal.Invoker.invokeMethod(Invoker.java:714)
	at org.testng.internal.Invoker.invokeTestMethod(Invoker.java:901)
	at org.testng.internal.Invoker.invokeTestMethods(Invoker.java:1231)
	at org.testng.internal.TestMethodWorker.invokeTestMethods(TestMethodWorker.java:127)
	at org.testng.internal.TestMethodWorker.run(TestMethodWorker.java:111)
	at org.testng.TestRunner.privateRun(TestRunner.java:767)
	at org.testng.TestRunner.run(TestRunner.java:617)
	at org.testng.SuiteRunner.runTest(SuiteRunner.java:348)
	at org.testng.SuiteRunner.runSequentially(SuiteRunner.java:343)
	at org.testng.SuiteRunner.privateRun(SuiteRunner.java:305)
	at org.testng.SuiteRunner.run(SuiteRunner.java:254)
	at org.testng.SuiteRunnerWorker.runSuite(SuiteRunnerWorker.java:52)
	at org.testng.SuiteRunnerWorker.run(SuiteRunnerWorker.java:86)
	at org.testng.TestNG.runSuitesSequentially(TestNG.java:1224)
	at org.testng.TestNG.runSuitesLocally(TestNG.java:1149)
	at org.testng.TestNG.run(TestNG.java:1057)
	at org.apache.maven.surefire.testng.TestNGExecutor.run(TestNGExecutor.java:115)
	at org.apache.maven.surefire.testng.TestNGDirectoryTestSuite.executeSingleClass(TestNGDirectoryTestSuite.java:128)
	at org.apache.maven.surefire.testng.TestNGDirectoryTestSuite.execute(TestNGDirectoryTestSuite.java:112)
	at org.apache.maven.surefire.testng.TestNGProvider.invoke(TestNGProvider.java:112)
	at org.apache.maven.surefire.booter.ForkedBooter.invokeProviderInSameClassLoader(ForkedBooter.java:200)
	at org.apache.maven.surefire.booter.ForkedBooter.runSuitesInProcess(ForkedBooter.java:153)
	at org.apache.maven.surefire.booter.ForkedBooter.main(ForkedBooter.java:103)
]]>
            </full-stacktrace>
          </exception> <!-- java.lang.AssertionError -->
          <reporter-output>
            <line>
              <![CDATA[Saved <a href=../screenshots/1413388608006.png>Screenshot</a>]]>
            </line>
          </reporter-output>
        </test-method> <!-- validationEditProductFields -->
        <test-method status="PASS" signature="tearDown()[pri:0, instance:com.lohika.atf.tests.TestF@1e1116f9]" name="tearDown" is-config="true" duration-ms="423" started-at="2014-10-15T18:56:48Z" finished-at="2014-10-15T18:56:48Z">
          <reporter-output>
          </reporter-output>
        </test-method> <!-- tearDown -->
      </class> <!-- com.lohika.atf.tests.TestF -->
    </test> <!-- Surefire test -->
  </suite> <!-- Surefire suite -->
</testng-results>
