<?xml version="1.0" encoding="UTF-8"?>
<testng-results skipped="0" failed="0" total="8" passed="8">
  <reporter-output>
  </reporter-output>
  <suite name="Default suite" duration-ms="28887" started-at="2014-10-07T15:47:59Z" finished-at="2014-10-07T15:48:28Z">
    <groups>
    </groups>
    <test name="Default test" duration-ms="28887" started-at="2014-10-07T15:47:59Z" finished-at="2014-10-07T15:48:28Z">
      <class name="com.lohika.atf.tests.TestF">
        <test-method status="PASS" signature="setup(java.lang.String)[pri:0, instance:com.lohika.atf.tests.TestF@2e40b187]" name="setup" is-config="true" duration-ms="9487" started-at="2014-10-07T18:47:49Z" finished-at="2014-10-07T18:47:59Z">
          <params>
            <param index="0">
              <value>
                <![CDATA[firefox]]>
              </value>
            </param>
          </params>
          <reporter-output>
          </reporter-output>
        </test-method> <!-- setup -->
        <test-method status="PASS" signature="addProducts()[pri:0, instance:com.lohika.atf.tests.TestF@2e40b187]" name="addProducts" duration-ms="6110" started-at="2014-10-07T18:47:59Z" description="Add Product" finished-at="2014-10-07T18:48:05Z">
          <reporter-output>
          </reporter-output>
        </test-method> <!-- addProducts -->
        <test-method status="PASS" signature="calcPrice()[pri:0, instance:com.lohika.atf.tests.TestF@2e40b187]" name="calcPrice" duration-ms="135" started-at="2014-10-07T18:48:05Z" description="Check Calculations of tota price" finished-at="2014-10-07T18:48:05Z">
          <reporter-output>
          </reporter-output>
        </test-method> <!-- calcPrice -->
        <test-method status="PASS" signature="deleteProducts()[pri:0, instance:com.lohika.atf.tests.TestF@2e40b187]" name="deleteProducts" duration-ms="185" started-at="2014-10-07T18:48:05Z" description="Delete product by name" finished-at="2014-10-07T18:48:05Z">
          <reporter-output>
          </reporter-output>
        </test-method> <!-- deleteProducts -->
        <test-method status="PASS" signature="editCancelProduct()[pri:0, instance:com.lohika.atf.tests.TestF@2e40b187]" name="editCancelProduct" duration-ms="1224" started-at="2014-10-07T18:48:05Z" description="Successful &#039;Cancel Edit Changes of the product in the Invoice Table&#039;" finished-at="2014-10-07T18:48:06Z">
          <reporter-output>
          </reporter-output>
        </test-method> <!-- editCancelProduct -->
        <test-method status="PASS" signature="editProductInvoice()[pri:0, instance:com.lohika.atf.tests.TestF@2e40b187]" name="editProductInvoice" duration-ms="1103" started-at="2014-10-07T18:48:06Z" description="Successful &#039;Edit of the product in the Invoice Table&#039;" finished-at="2014-10-07T18:48:08Z">
          <reporter-output>
          </reporter-output>
        </test-method> <!-- editProductInvoice -->
        <test-method status="PASS" signature="editProductSingleRow()[pri:0, instance:com.lohika.atf.tests.TestF@2e40b187]" name="editProductSingleRow" duration-ms="1" started-at="2014-10-07T18:48:08Z" description="Correct &#039;Edit mode&#039; of a single Product row" finished-at="2014-10-07T18:48:08Z">
          <reporter-output>
          </reporter-output>
        </test-method> <!-- editProductSingleRow -->
        <test-method status="PASS" signature="validationAddProductFields()[pri:0, instance:com.lohika.atf.tests.TestF@2e40b187]" name="validationAddProductFields" duration-ms="12347" started-at="2014-10-07T18:48:08Z" description="Validation of Add Product Panel fields" finished-at="2014-10-07T18:48:20Z">
          <reporter-output>
          </reporter-output>
        </test-method> <!-- validationAddProductFields -->
        <test-method status="PASS" signature="validationEditProductFields()[pri:0, instance:com.lohika.atf.tests.TestF@2e40b187]" name="validationEditProductFields" duration-ms="7757" started-at="2014-10-07T18:48:20Z" description="Validation of &#039;Edit mode&#039; fields " finished-at="2014-10-07T18:48:28Z">
          <reporter-output>
          </reporter-output>
        </test-method> <!-- validationEditProductFields -->
        <test-method status="PASS" signature="tearDown()[pri:0, instance:com.lohika.atf.tests.TestF@2e40b187]" name="tearDown" is-config="true" duration-ms="326" started-at="2014-10-07T18:48:28Z" finished-at="2014-10-07T18:48:28Z">
          <reporter-output>
          </reporter-output>
        </test-method> <!-- tearDown -->
      </class> <!-- com.lohika.atf.tests.TestF -->
    </test> <!-- Default test -->
  </suite> <!-- Default suite -->
</testng-results>
