<?xml version="1.0" encoding="UTF-8"?>
<testng-results skipped="0" failed="0" total="10" passed="10">
  <reporter-output>
  </reporter-output>
  <suite name="Default suite" duration-ms="36892" started-at="2014-10-10T15:46:03Z" finished-at="2014-10-10T15:46:39Z">
    <groups>
    </groups>
    <test name="Default test" duration-ms="36892" started-at="2014-10-10T15:46:03Z" finished-at="2014-10-10T15:46:39Z">
      <class name="com.lohika.atf.tests.TestF">
        <test-method status="PASS" signature="setup(java.lang.String)[pri:0, instance:com.lohika.atf.tests.TestF@5b980c78]" name="setup" is-config="true" duration-ms="10128" started-at="2014-10-10T18:45:52Z" finished-at="2014-10-10T18:46:03Z">
          <params>
            <param index="0">
              <value>
                <![CDATA[firefox]]>
              </value>
            </param>
          </params>
          <reporter-output>
          </reporter-output>
        </test-method> <!-- setup -->
        <test-method status="PASS" signature="CSVaddProducts(java.util.Map)[pri:0, instance:com.lohika.atf.tests.TestF@5b980c78]" name="CSVaddProducts" duration-ms="5622" started-at="2014-10-10T18:46:03Z" description="Add Product via csv" data-provider="CsvDataProvider" finished-at="2014-10-10T18:46:08Z">
          <params>
            <param index="0">
              <value>
                <![CDATA[{product=test1, price=23, quantity=1}]]>
              </value>
            </param>
          </params>
          <reporter-output>
          </reporter-output>
        </test-method> <!-- CSVaddProducts -->
        <test-method status="PASS" signature="CSVaddProducts(java.util.Map)[pri:0, instance:com.lohika.atf.tests.TestF@5b980c78]" name="CSVaddProducts" duration-ms="3829" started-at="2014-10-10T18:46:08Z" description="Add Product via csv" data-provider="CsvDataProvider" finished-at="2014-10-10T18:46:12Z">
          <params>
            <param index="0">
              <value>
                <![CDATA[{product=test2, price=23.34, quantity=1.2}]]>
              </value>
            </param>
          </params>
          <reporter-output>
          </reporter-output>
        </test-method> <!-- CSVaddProducts -->
        <test-method status="PASS" signature="addProducts()[pri:0, instance:com.lohika.atf.tests.TestF@5b980c78]" name="addProducts" duration-ms="4779" started-at="2014-10-10T18:46:12Z" description="Add Product" finished-at="2014-10-10T18:46:17Z">
          <reporter-output>
          </reporter-output>
        </test-method> <!-- addProducts -->
        <test-method status="PASS" signature="calcPrice()[pri:0, instance:com.lohika.atf.tests.TestF@5b980c78]" name="calcPrice" duration-ms="144" started-at="2014-10-10T18:46:17Z" description="Check Calculations of tota price" finished-at="2014-10-10T18:46:17Z">
          <reporter-output>
          </reporter-output>
        </test-method> <!-- calcPrice -->
        <test-method status="PASS" signature="deleteProducts()[pri:0, instance:com.lohika.atf.tests.TestF@5b980c78]" name="deleteProducts" duration-ms="190" started-at="2014-10-10T18:46:17Z" description="Delete product by name" finished-at="2014-10-10T18:46:17Z">
          <reporter-output>
          </reporter-output>
        </test-method> <!-- deleteProducts -->
        <test-method status="PASS" signature="editCancelProduct()[pri:0, instance:com.lohika.atf.tests.TestF@5b980c78]" name="editCancelProduct" duration-ms="1145" started-at="2014-10-10T18:46:17Z" description="Successful &#039;Cancel Edit Changes of the product in the Invoice Table&#039;" finished-at="2014-10-10T18:46:18Z">
          <reporter-output>
          </reporter-output>
        </test-method> <!-- editCancelProduct -->
        <test-method status="PASS" signature="editProductInvoice()[pri:0, instance:com.lohika.atf.tests.TestF@5b980c78]" name="editProductInvoice" duration-ms="1054" started-at="2014-10-10T18:46:18Z" description="Successful &#039;Edit of the product in the Invoice Table&#039;" finished-at="2014-10-10T18:46:19Z">
          <reporter-output>
          </reporter-output>
        </test-method> <!-- editProductInvoice -->
        <test-method status="PASS" signature="editProductSingleRow()[pri:0, instance:com.lohika.atf.tests.TestF@5b980c78]" name="editProductSingleRow" duration-ms="1" started-at="2014-10-10T18:46:19Z" description="Correct &#039;Edit mode&#039; of a single Product row" finished-at="2014-10-10T18:46:19Z">
          <reporter-output>
          </reporter-output>
        </test-method> <!-- editProductSingleRow -->
        <test-method status="PASS" signature="validationAddProductFields()[pri:0, instance:com.lohika.atf.tests.TestF@5b980c78]" name="validationAddProductFields" duration-ms="12301" started-at="2014-10-10T18:46:19Z" description="Validation of Add Product Panel fields" finished-at="2014-10-10T18:46:32Z">
          <reporter-output>
          </reporter-output>
        </test-method> <!-- validationAddProductFields -->
        <test-method status="PASS" signature="validationEditProductFields()[pri:0, instance:com.lohika.atf.tests.TestF@5b980c78]" name="validationEditProductFields" duration-ms="7793" started-at="2014-10-10T18:46:32Z" description="Validation of &#039;Edit mode&#039; fields " finished-at="2014-10-10T18:46:39Z">
          <reporter-output>
          </reporter-output>
        </test-method> <!-- validationEditProductFields -->
        <test-method status="PASS" signature="tearDown()[pri:0, instance:com.lohika.atf.tests.TestF@5b980c78]" name="tearDown" is-config="true" duration-ms="349" started-at="2014-10-10T18:46:39Z" finished-at="2014-10-10T18:46:40Z">
          <reporter-output>
          </reporter-output>
        </test-method> <!-- tearDown -->
      </class> <!-- com.lohika.atf.tests.TestF -->
    </test> <!-- Default test -->
  </suite> <!-- Default suite -->
</testng-results>
